<?xml version="1.0" encoding="UTF-8"?>
<testsuite name="com.soj.principle.dependencyinversion.LightBulbTest" tests="2" skipped="0" failures="0" errors="0" timestamp="2022-02-13T23:45:58" hostname="DESKTOP-H3C67DB" time="0.001">
  <properties/>
  <testcase name="TestToTurnOffLightBulb()" classname="com.soj.principle.dependencyinversion.LightBulbTest" time="0.0"/>
  <testcase name="TestToTurnOnLightBulb()" classname="com.soj.principle.dependencyinversion.LightBulbTest" time="0.0"/>
  <system-out><![CDATA[]]></system-out>
  <system-err><![CDATA[]]></system-err>
</testsuite>
