<?xml version="1.0" encoding="UTF-8"?>
<testsuite name="com.soj.principle.dependencyinversion.ElectricPowerSwitchTest" tests="3" skipped="0" failures="0" errors="0" timestamp="2022-02-13T23:45:57" hostname="DESKTOP-H3C67DB" time="0.666">
  <properties/>
  <testcase name="testIsOnIsFalse()" classname="com.soj.principle.dependencyinversion.ElectricPowerSwitchTest" time="0.655"/>
  <testcase name="testToCheckTheFanSwitchOff()" classname="com.soj.principle.dependencyinversion.ElectricPowerSwitchTest" time="0.009"/>
  <testcase name="testToCheckTheFanSwitchIsOn()" classname="com.soj.principle.dependencyinversion.ElectricPowerSwitchTest" time="0.001"/>
  <system-out><![CDATA[]]></system-out>
  <system-err><![CDATA[]]></system-err>
</testsuite>
