<?xml version="1.0" encoding="UTF-8"?>
<testsuite name="com.soj.principle.dependencyinversion.FanTest" tests="2" skipped="0" failures="0" errors="0" timestamp="2022-02-13T23:45:58" hostname="DESKTOP-H3C67DB" time="0.002">
  <properties/>
  <testcase name="TestToTurnOffFan()" classname="com.soj.principle.dependencyinversion.FanTest" time="0.001"/>
  <testcase name="TestToTurnOnFan()" classname="com.soj.principle.dependencyinversion.FanTest" time="0.001"/>
  <system-out><![CDATA[DEBUG [Test worker] 2022-02-13T23:45:58,054  (line ) Fan: Fan turned on...
]]></system-out>
  <system-err><![CDATA[]]></system-err>
</testsuite>
